2025-02-21T16:53:03.307057Z 0 [System] [MY-015017] [Server] MySQL Server Initialization - start.
2025-02-21T16:53:03.307584Z 0 [System] [MY-013169] [Server] /usr/sbin/mysqld (mysqld 8.4.4) initializing of server in progress as process 81
2025-02-21T16:53:03.310517Z 0 [Warning] [MY-010159] [Server] Setting lower_case_table_names=2 because file system for /var/lib/mysql/ is case insensitive
2025-02-21T16:53:03.314432Z 1 [System] [MY-013576] [InnoDB] InnoDB initialization has started.
2025-02-21T16:53:03.478978Z 1 [System] [MY-013577] [InnoDB] InnoDB initialization has ended.
2025-02-21T16:53:04.002895Z 0 [ERROR] [MY-000067] [Server] unknown variable 'default-authentication-plugin=mysql_native_password'.
2025-02-21T16:53:04.003111Z 0 [ERROR] [MY-013236] [Server] The designated data directory /var/lib/mysql/ is unusable. You can remove all files that the server added to it.
2025-02-21T16:53:04.003146Z 0 [ERROR] [MY-010119] [Server] Aborting
2025-02-21T16:53:05.396389Z 0 [System] [MY-015018] [Server] MySQL Server Initialization - end.
2025-02-21T16:53:05.955384Z 0 [System] [MY-015015] [Server] MySQL Server - start.
2025-02-21T16:53:06.164133Z 0 [System] [MY-010116] [Server] /usr/sbin/mysqld (mysqld 8.4.4) starting as process 1
2025-02-21T16:53:06.165705Z 0 [Warning] [MY-010159] [Server] Setting lower_case_table_names=2 because file system for /var/lib/mysql/ is case insensitive
2025-02-21T16:53:06.171840Z 1 [System] [MY-013576] [InnoDB] InnoDB initialization has started.
2025-02-21T16:53:06.285853Z 1 [System] [MY-013577] [InnoDB] InnoDB initialization has ended.
mysqld: Table 'mysql.plugin' doesn't exist
2025-02-21T16:53:06.324306Z 0 [ERROR] [MY-010735] [Server] Could not open the mysql.plugin table. Please perform the MySQL upgrade procedure.
2025-02-21T16:53:06.324403Z 0 [Warning] [MY-010441] [Server] Failed to open optimizer cost constant tables
2025-02-21T16:53:06.324498Z 0 [Warning] [MY-010441] [Server] Failed to open optimizer cost constant tables
2025-02-21T16:53:06.324575Z 0 [Warning] [MY-010441] [Server] Failed to open optimizer cost constant tables
2025-02-21T16:53:06.324665Z 0 [Warning] [MY-010441] [Server] Failed to open optimizer cost constant tables
2025-02-21T16:53:06.324725Z 0 [Warning] [MY-010441] [Server] Failed to open optimizer cost constant tables
2025-02-21T16:53:06.324785Z 0 [Warning] [MY-010441] [Server] Failed to open optimizer cost constant tables
2025-02-21T16:53:06.324838Z 0 [Warning] [MY-010441] [Server] Failed to open optimizer cost constant tables
2025-02-21T16:53:06.343848Z 0 [Warning] [MY-010015] [Repl] Gtid table is not ready to be used. Table 'mysql.gtid_executed' cannot be opened.
2025-02-21T16:53:06.400911Z 0 [Warning] [MY-010015] [Repl] Gtid table is not ready to be used. Table 'mysql.gtid_executed' cannot be opened.
2025-02-21T16:53:06.403662Z 0 [Warning] [MY-010068] [Server] CA certificate ca.pem is self signed.
2025-02-21T16:53:06.403718Z 0 [System] [MY-013602] [Server] Channel mysql_main configured to support TLS. Encrypted connections are now supported for this channel.
2025-02-21T16:53:06.405358Z 0 [Warning] [MY-011810] [Server] Insecure configuration for --pid-file: Location '/var/run/mysqld' in the path is accessible to all OS users. Consider choosing a different directory.
2025-02-21T16:53:06.405464Z 0 [Warning] [MY-010441] [Server] Failed to open optimizer cost constant tables
2025-02-21T16:53:06.405562Z 0 [ERROR] [MY-013129] [Server] A message intended for a client cannot be sent there as no client-session is attached. Therefore, we're sending the information to the error-log instead: MY-001146 - Table 'mysql.component' doesn't exist
2025-02-21T16:53:06.405596Z 0 [Warning] [MY-013129] [Server] A message intended for a client cannot be sent there as no client-session is attached. Therefore, we're sending the information to the error-log instead: MY-003543 - The mysql.component table is missing or has an incorrect definition.
2025-02-21T16:53:06.405665Z 0 [ERROR] [MY-000067] [Server] unknown variable 'default-authentication-plugin=mysql_native_password'.
2025-02-21T16:53:06.405940Z 0 [ERROR] [MY-010119] [Server] Aborting
2025-02-21T16:53:07.903488Z 0 [System] [MY-010910] [Server] /usr/sbin/mysqld: Shutdown complete (mysqld 8.4.4)  MySQL Community Server - GPL.
2025-02-21T16:53:07.903578Z 0 [System] [MY-015016] [Server] MySQL Server - end.
2025-02-21T16:53:08.522620Z 0 [System] [MY-015015] [Server] MySQL Server - start.
2025-02-21T16:53:08.659738Z 0 [System] [MY-010116] [Server] /usr/sbin/mysqld (mysqld 8.4.4) starting as process 1
2025-02-21T16:53:08.661176Z 0 [Warning] [MY-010159] [Server] Setting lower_case_table_names=2 because file system for /var/lib/mysql/ is case insensitive
2025-02-21T16:53:08.665926Z 1 [System] [MY-013576] [InnoDB] InnoDB initialization has started.
2025-02-21T16:53:08.754637Z 1 [System] [MY-013577] [InnoDB] InnoDB initialization has ended.
mysqld: Table 'mysql.plugin' doesn't exist
2025-02-21T16:53:08.788700Z 0 [ERROR] [MY-010735] [Server] Could not open the mysql.plugin table. Please perform the MySQL upgrade procedure.
2025-02-21T16:53:08.788797Z 0 [Warning] [MY-010441] [Server] Failed to open optimizer cost constant tables
2025-02-21T16:53:08.788876Z 0 [Warning] [MY-010441] [Server] Failed to open optimizer cost constant tables
2025-02-21T16:53:08.788966Z 0 [Warning] [MY-010441] [Server] Failed to open optimizer cost constant tables
2025-02-21T16:53:08.789049Z 0 [Warning] [MY-010441] [Server] Failed to open optimizer cost constant tables
2025-02-21T16:53:08.789109Z 0 [Warning] [MY-010441] [Server] Failed to open optimizer cost constant tables
2025-02-21T16:53:08.789167Z 0 [Warning] [MY-010441] [Server] Failed to open optimizer cost constant tables
2025-02-21T16:53:08.789222Z 0 [Warning] [MY-010441] [Server] Failed to open optimizer cost constant tables
2025-02-21T16:53:08.798486Z 0 [Warning] [MY-010015] [Repl] Gtid table is not ready to be used. Table 'mysql.gtid_executed' cannot be opened.
2025-02-21T16:53:08.856964Z 0 [Warning] [MY-010015] [Repl] Gtid table is not ready to be used. Table 'mysql.gtid_executed' cannot be opened.
2025-02-21T16:53:08.860060Z 0 [Warning] [MY-010068] [Server] CA certificate ca.pem is self signed.
2025-02-21T16:53:08.860115Z 0 [System] [MY-013602] [Server] Channel mysql_main configured to support TLS. Encrypted connections are now supported for this channel.
2025-02-21T16:53:08.861934Z 0 [Warning] [MY-011810] [Server] Insecure configuration for --pid-file: Location '/var/run/mysqld' in the path is accessible to all OS users. Consider choosing a different directory.
2025-02-21T16:53:08.862041Z 0 [Warning] [MY-010441] [Server] Failed to open optimizer cost constant tables
2025-02-21T16:53:08.862123Z 0 [ERROR] [MY-013129] [Server] A message intended for a client cannot be sent there as no client-session is attached. Therefore, we're sending the information to the error-log instead: MY-001146 - Table 'mysql.component' doesn't exist
2025-02-21T16:53:08.862160Z 0 [Warning] [MY-013129] [Server] A message intended for a client cannot be sent there as no client-session is attached. Therefore, we're sending the information to the error-log instead: MY-003543 - The mysql.component table is missing or has an incorrect definition.
2025-02-21T16:53:08.862226Z 0 [ERROR] [MY-000067] [Server] unknown variable 'default-authentication-plugin=mysql_native_password'.
2025-02-21T16:53:08.862500Z 0 [ERROR] [MY-010119] [Server] Aborting
2025-02-21T16:53:10.444056Z 0 [System] [MY-010910] [Server] /usr/sbin/mysqld: Shutdown complete (mysqld 8.4.4)  MySQL Community Server - GPL.
2025-02-21T16:53:10.444187Z 0 [System] [MY-015016] [Server] MySQL Server - end.
2025-02-21T16:53:11.305904Z 0 [System] [MY-015015] [Server] MySQL Server - start.
2025-02-21T16:53:11.435857Z 0 [System] [MY-010116] [Server] /usr/sbin/mysqld (mysqld 8.4.4) starting as process 1
2025-02-21T16:53:11.437343Z 0 [Warning] [MY-010159] [Server] Setting lower_case_table_names=2 because file system for /var/lib/mysql/ is case insensitive
2025-02-21T16:53:11.442552Z 1 [System] [MY-013576] [InnoDB] InnoDB initialization has started.
2025-02-21T16:53:11.526271Z 1 [System] [MY-013577] [InnoDB] InnoDB initialization has ended.
mysqld: Table 'mysql.plugin' doesn't exist
2025-02-21T16:53:11.559991Z 0 [ERROR] [MY-010735] [Server] Could not open the mysql.plugin table. Please perform the MySQL upgrade procedure.
2025-02-21T16:53:11.560089Z 0 [Warning] [MY-010441] [Server] Failed to open optimizer cost constant tables
2025-02-21T16:53:11.560162Z 0 [Warning] [MY-010441] [Server] Failed to open optimizer cost constant tables
2025-02-21T16:53:11.560224Z 0 [Warning] [MY-010441] [Server] Failed to open optimizer cost constant tables
2025-02-21T16:53:11.560292Z 0 [Warning] [MY-010441] [Server] Failed to open optimizer cost constant tables
2025-02-21T16:53:11.560342Z 0 [Warning] [MY-010441] [Server] Failed to open optimizer cost constant tables
2025-02-21T16:53:11.560391Z 0 [Warning] [MY-010441] [Server] Failed to open optimizer cost constant tables
2025-02-21T16:53:11.560438Z 0 [Warning] [MY-010441] [Server] Failed to open optimizer cost constant tables
2025-02-21T16:53:11.568501Z 0 [Warning] [MY-010015] [Repl] Gtid table is not ready to be used. Table 'mysql.gtid_executed' cannot be opened.
2025-02-21T16:53:11.625996Z 0 [Warning] [MY-010015] [Repl] Gtid table is not ready to be used. Table 'mysql.gtid_executed' cannot be opened.
2025-02-21T16:53:11.628939Z 0 [Warning] [MY-010068] [Server] CA certificate ca.pem is self signed.
2025-02-21T16:53:11.629005Z 0 [System] [MY-013602] [Server] Channel mysql_main configured to support TLS. Encrypted connections are now supported for this channel.
2025-02-21T16:53:11.630594Z 0 [Warning] [MY-011810] [Server] Insecure configuration for --pid-file: Location '/var/run/mysqld' in the path is accessible to all OS users. Consider choosing a different directory.
2025-02-21T16:53:11.630708Z 0 [Warning] [MY-010441] [Server] Failed to open optimizer cost constant tables
2025-02-21T16:53:11.630783Z 0 [ERROR] [MY-013129] [Server] A message intended for a client cannot be sent there as no client-session is attached. Therefore, we're sending the information to the error-log instead: MY-001146 - Table 'mysql.component' doesn't exist
2025-02-21T16:53:11.630811Z 0 [Warning] [MY-013129] [Server] A message intended for a client cannot be sent there as no client-session is attached. Therefore, we're sending the information to the error-log instead: MY-003543 - The mysql.component table is missing or has an incorrect definition.
2025-02-21T16:53:11.630868Z 0 [ERROR] [MY-000067] [Server] unknown variable 'default-authentication-plugin=mysql_native_password'.
2025-02-21T16:53:11.631144Z 0 [ERROR] [MY-010119] [Server] Aborting
2025-02-21T16:53:13.203697Z 0 [System] [MY-010910] [Server] /usr/sbin/mysqld: Shutdown complete (mysqld 8.4.4)  MySQL Community Server - GPL.
2025-02-21T16:53:13.203800Z 0 [System] [MY-015016] [Server] MySQL Server - end.
2025-02-21T16:53:14.455196Z 0 [System] [MY-015015] [Server] MySQL Server - start.
2025-02-21T16:53:14.585954Z 0 [System] [MY-010116] [Server] /usr/sbin/mysqld (mysqld 8.4.4) starting as process 1
2025-02-21T16:53:14.587363Z 0 [Warning] [MY-010159] [Server] Setting lower_case_table_names=2 because file system for /var/lib/mysql/ is case insensitive
2025-02-21T16:53:14.592098Z 1 [System] [MY-013576] [InnoDB] InnoDB initialization has started.
2025-02-21T16:53:14.674986Z 1 [System] [MY-013577] [InnoDB] InnoDB initialization has ended.
mysqld: Table 'mysql.plugin' doesn't exist
2025-02-21T16:53:14.708599Z 0 [ERROR] [MY-010735] [Server] Could not open the mysql.plugin table. Please perform the MySQL upgrade procedure.
2025-02-21T16:53:14.708697Z 0 [Warning] [MY-010441] [Server] Failed to open optimizer cost constant tables
2025-02-21T16:53:14.708768Z 0 [Warning] [MY-010441] [Server] Failed to open optimizer cost constant tables
2025-02-21T16:53:14.708832Z 0 [Warning] [MY-010441] [Server] Failed to open optimizer cost constant tables
2025-02-21T16:53:14.708903Z 0 [Warning] [MY-010441] [Server] Failed to open optimizer cost constant tables
2025-02-21T16:53:14.708958Z 0 [Warning] [MY-010441] [Server] Failed to open optimizer cost constant tables
2025-02-21T16:53:14.709012Z 0 [Warning] [MY-010441] [Server] Failed to open optimizer cost constant tables
2025-02-21T16:53:14.709071Z 0 [Warning] [MY-010441] [Server] Failed to open optimizer cost constant tables
2025-02-21T16:53:14.717805Z 0 [Warning] [MY-010015] [Repl] Gtid table is not ready to be used. Table 'mysql.gtid_executed' cannot be opened.
2025-02-21T16:53:14.775435Z 0 [Warning] [MY-010015] [Repl] Gtid table is not ready to be used. Table 'mysql.gtid_executed' cannot be opened.
2025-02-21T16:53:14.778285Z 0 [Warning] [MY-010068] [Server] CA certificate ca.pem is self signed.
2025-02-21T16:53:14.778344Z 0 [System] [MY-013602] [Server] Channel mysql_main configured to support TLS. Encrypted connections are now supported for this channel.
2025-02-21T16:53:14.779913Z 0 [Warning] [MY-011810] [Server] Insecure configuration for --pid-file: Location '/var/run/mysqld' in the path is accessible to all OS users. Consider choosing a different directory.
2025-02-21T16:53:14.780005Z 0 [Warning] [MY-010441] [Server] Failed to open optimizer cost constant tables
2025-02-21T16:53:14.780074Z 0 [ERROR] [MY-013129] [Server] A message intended for a client cannot be sent there as no client-session is attached. Therefore, we're sending the information to the error-log instead: MY-001146 - Table 'mysql.component' doesn't exist
2025-02-21T16:53:14.780100Z 0 [Warning] [MY-013129] [Server] A message intended for a client cannot be sent there as no client-session is attached. Therefore, we're sending the information to the error-log instead: MY-003543 - The mysql.component table is missing or has an incorrect definition.
2025-02-21T16:53:14.780152Z 0 [ERROR] [MY-000067] [Server] unknown variable 'default-authentication-plugin=mysql_native_password'.
2025-02-21T16:53:14.780419Z 0 [ERROR] [MY-010119] [Server] Aborting
2025-02-21T16:53:16.352202Z 0 [System] [MY-010910] [Server] /usr/sbin/mysqld: Shutdown complete (mysqld 8.4.4)  MySQL Community Server - GPL.
2025-02-21T16:53:16.352282Z 0 [System] [MY-015016] [Server] MySQL Server - end.
2025-02-21T16:53:18.409840Z 0 [System] [MY-015015] [Server] MySQL Server - start.
2025-02-21T16:53:18.546706Z 0 [System] [MY-010116] [Server] /usr/sbin/mysqld (mysqld 8.4.4) starting as process 1
2025-02-21T16:53:18.547946Z 0 [Warning] [MY-010159] [Server] Setting lower_case_table_names=2 because file system for /var/lib/mysql/ is case insensitive
2025-02-21T16:53:18.552607Z 1 [System] [MY-013576] [InnoDB] InnoDB initialization has started.
2025-02-21T16:53:18.642481Z 1 [System] [MY-013577] [InnoDB] InnoDB initialization has ended.
mysqld: Table 'mysql.plugin' doesn't exist
2025-02-21T16:53:18.676568Z 0 [ERROR] [MY-010735] [Server] Could not open the mysql.plugin table. Please perform the MySQL upgrade procedure.
2025-02-21T16:53:18.676673Z 0 [Warning] [MY-010441] [Server] Failed to open optimizer cost constant tables
2025-02-21T16:53:18.676747Z 0 [Warning] [MY-010441] [Server] Failed to open optimizer cost constant tables
2025-02-21T16:53:18.676812Z 0 [Warning] [MY-010441] [Server] Failed to open optimizer cost constant tables
2025-02-21T16:53:18.676883Z 0 [Warning] [MY-010441] [Server] Failed to open optimizer cost constant tables
2025-02-21T16:53:18.676939Z 0 [Warning] [MY-010441] [Server] Failed to open optimizer cost constant tables
2025-02-21T16:53:18.676995Z 0 [Warning] [MY-010441] [Server] Failed to open optimizer cost constant tables
2025-02-21T16:53:18.677048Z 0 [Warning] [MY-010441] [Server] Failed to open optimizer cost constant tables
2025-02-21T16:53:18.685587Z 0 [Warning] [MY-010015] [Repl] Gtid table is not ready to be used. Table 'mysql.gtid_executed' cannot be opened.
2025-02-21T16:53:18.743818Z 0 [Warning] [MY-010015] [Repl] Gtid table is not ready to be used. Table 'mysql.gtid_executed' cannot be opened.
2025-02-21T16:53:18.746558Z 0 [Warning] [MY-010068] [Server] CA certificate ca.pem is self signed.
2025-02-21T16:53:18.746613Z 0 [System] [MY-013602] [Server] Channel mysql_main configured to support TLS. Encrypted connections are now supported for this channel.
2025-02-21T16:53:18.748159Z 0 [Warning] [MY-011810] [Server] Insecure configuration for --pid-file: Location '/var/run/mysqld' in the path is accessible to all OS users. Consider choosing a different directory.
2025-02-21T16:53:18.748254Z 0 [Warning] [MY-010441] [Server] Failed to open optimizer cost constant tables
2025-02-21T16:53:18.748323Z 0 [ERROR] [MY-013129] [Server] A message intended for a client cannot be sent there as no client-session is attached. Therefore, we're sending the information to the error-log instead: MY-001146 - Table 'mysql.component' doesn't exist
2025-02-21T16:53:18.748350Z 0 [Warning] [MY-013129] [Server] A message intended for a client cannot be sent there as no client-session is attached. Therefore, we're sending the information to the error-log instead: MY-003543 - The mysql.component table is missing or has an incorrect definition.
2025-02-21T16:53:18.748405Z 0 [ERROR] [MY-000067] [Server] unknown variable 'default-authentication-plugin=mysql_native_password'.
2025-02-21T16:53:18.748675Z 0 [ERROR] [MY-010119] [Server] Aborting
2025-02-21T16:53:20.331691Z 0 [System] [MY-010910] [Server] /usr/sbin/mysqld: Shutdown complete (mysqld 8.4.4)  MySQL Community Server - GPL.
2025-02-21T16:53:20.331813Z 0 [System] [MY-015016] [Server] MySQL Server - end.
2025-02-21T16:53:24.002158Z 0 [System] [MY-015015] [Server] MySQL Server - start.
2025-02-21T16:53:24.134777Z 0 [System] [MY-010116] [Server] /usr/sbin/mysqld (mysqld 8.4.4) starting as process 1
2025-02-21T16:53:24.136533Z 0 [Warning] [MY-010159] [Server] Setting lower_case_table_names=2 because file system for /var/lib/mysql/ is case insensitive
2025-02-21T16:53:24.143013Z 1 [System] [MY-013576] [InnoDB] InnoDB initialization has started.
2025-02-21T16:53:24.229563Z 1 [System] [MY-013577] [InnoDB] InnoDB initialization has ended.
mysqld: Table 'mysql.plugin' doesn't exist
2025-02-21T16:53:24.262478Z 0 [ERROR] [MY-010735] [Server] Could not open the mysql.plugin table. Please perform the MySQL upgrade procedure.
2025-02-21T16:53:24.262582Z 0 [Warning] [MY-010441] [Server] Failed to open optimizer cost constant tables
2025-02-21T16:53:24.262657Z 0 [Warning] [MY-010441] [Server] Failed to open optimizer cost constant tables
2025-02-21T16:53:24.262722Z 0 [Warning] [MY-010441] [Server] Failed to open optimizer cost constant tables
2025-02-21T16:53:24.262808Z 0 [Warning] [MY-010441] [Server] Failed to open optimizer cost constant tables
2025-02-21T16:53:24.262897Z 0 [Warning] [MY-010441] [Server] Failed to open optimizer cost constant tables
2025-02-21T16:53:24.262962Z 0 [Warning] [MY-010441] [Server] Failed to open optimizer cost constant tables
2025-02-21T16:53:24.263020Z 0 [Warning] [MY-010441] [Server] Failed to open optimizer cost constant tables
2025-02-21T16:53:24.271925Z 0 [Warning] [MY-010015] [Repl] Gtid table is not ready to be used. Table 'mysql.gtid_executed' cannot be opened.
2025-02-21T16:53:24.329436Z 0 [Warning] [MY-010015] [Repl] Gtid table is not ready to be used. Table 'mysql.gtid_executed' cannot be opened.
2025-02-21T16:53:24.332293Z 0 [Warning] [MY-010068] [Server] CA certificate ca.pem is self signed.
2025-02-21T16:53:24.332349Z 0 [System] [MY-013602] [Server] Channel mysql_main configured to support TLS. Encrypted connections are now supported for this channel.
2025-02-21T16:53:24.334068Z 0 [Warning] [MY-011810] [Server] Insecure configuration for --pid-file: Location '/var/run/mysqld' in the path is accessible to all OS users. Consider choosing a different directory.
2025-02-21T16:53:24.334169Z 0 [Warning] [MY-010441] [Server] Failed to open optimizer cost constant tables
2025-02-21T16:53:24.334242Z 0 [ERROR] [MY-013129] [Server] A message intended for a client cannot be sent there as no client-session is attached. Therefore, we're sending the information to the error-log instead: MY-001146 - Table 'mysql.component' doesn't exist
2025-02-21T16:53:24.334268Z 0 [Warning] [MY-013129] [Server] A message intended for a client cannot be sent there as no client-session is attached. Therefore, we're sending the information to the error-log instead: MY-003543 - The mysql.component table is missing or has an incorrect definition.
2025-02-21T16:53:24.334329Z 0 [ERROR] [MY-000067] [Server] unknown variable 'default-authentication-plugin=mysql_native_password'.
2025-02-21T16:53:24.334601Z 0 [ERROR] [MY-010119] [Server] Aborting
2025-02-21T16:53:25.910597Z 0 [System] [MY-010910] [Server] /usr/sbin/mysqld: Shutdown complete (mysqld 8.4.4)  MySQL Community Server - GPL.
2025-02-21T16:53:25.910714Z 0 [System] [MY-015016] [Server] MySQL Server - end.
2025-02-21T16:53:32.736075Z 0 [System] [MY-015015] [Server] MySQL Server - start.
2025-02-21T16:53:32.874913Z 0 [System] [MY-010116] [Server] /usr/sbin/mysqld (mysqld 8.4.4) starting as process 1
2025-02-21T16:53:32.876237Z 0 [Warning] [MY-010159] [Server] Setting lower_case_table_names=2 because file system for /var/lib/mysql/ is case insensitive
2025-02-21T16:53:32.880787Z 1 [System] [MY-013576] [InnoDB] InnoDB initialization has started.
2025-02-21T16:53:32.964767Z 1 [System] [MY-013577] [InnoDB] InnoDB initialization has ended.
mysqld: Table 'mysql.plugin' doesn't exist
2025-02-21T16:53:32.998942Z 0 [ERROR] [MY-010735] [Server] Could not open the mysql.plugin table. Please perform the MySQL upgrade procedure.
2025-02-21T16:53:32.999043Z 0 [Warning] [MY-010441] [Server] Failed to open optimizer cost constant tables
2025-02-21T16:53:32.999118Z 0 [Warning] [MY-010441] [Server] Failed to open optimizer cost constant tables
2025-02-21T16:53:32.999184Z 0 [Warning] [MY-010441] [Server] Failed to open optimizer cost constant tables
2025-02-21T16:53:32.999258Z 0 [Warning] [MY-010441] [Server] Failed to open optimizer cost constant tables
2025-02-21T16:53:32.999314Z 0 [Warning] [MY-010441] [Server] Failed to open optimizer cost constant tables
2025-02-21T16:53:32.999422Z 0 [Warning] [MY-010441] [Server] Failed to open optimizer cost constant tables
2025-02-21T16:53:32.999492Z 0 [Warning] [MY-010441] [Server] Failed to open optimizer cost constant tables
2025-02-21T16:53:33.007789Z 0 [Warning] [MY-010015] [Repl] Gtid table is not ready to be used. Table 'mysql.gtid_executed' cannot be opened.
2025-02-21T16:53:33.065486Z 0 [Warning] [MY-010015] [Repl] Gtid table is not ready to be used. Table 'mysql.gtid_executed' cannot be opened.
2025-02-21T16:53:33.068589Z 0 [Warning] [MY-010068] [Server] CA certificate ca.pem is self signed.
2025-02-21T16:53:33.068645Z 0 [System] [MY-013602] [Server] Channel mysql_main configured to support TLS. Encrypted connections are now supported for this channel.
2025-02-21T16:53:33.070321Z 0 [Warning] [MY-011810] [Server] Insecure configuration for --pid-file: Location '/var/run/mysqld' in the path is accessible to all OS users. Consider choosing a different directory.
2025-02-21T16:53:33.070428Z 0 [Warning] [MY-010441] [Server] Failed to open optimizer cost constant tables
2025-02-21T16:53:33.070505Z 0 [ERROR] [MY-013129] [Server] A message intended for a client cannot be sent there as no client-session is attached. Therefore, we're sending the information to the error-log instead: MY-001146 - Table 'mysql.component' doesn't exist
2025-02-21T16:53:33.070541Z 0 [Warning] [MY-013129] [Server] A message intended for a client cannot be sent there as no client-session is attached. Therefore, we're sending the information to the error-log instead: MY-003543 - The mysql.component table is missing or has an incorrect definition.
2025-02-21T16:53:33.070601Z 0 [ERROR] [MY-000067] [Server] unknown variable 'default-authentication-plugin=mysql_native_password'.
2025-02-21T16:53:33.070881Z 0 [ERROR] [MY-010119] [Server] Aborting
2025-02-21T16:53:34.642357Z 0 [System] [MY-010910] [Server] /usr/sbin/mysqld: Shutdown complete (mysqld 8.4.4)  MySQL Community Server - GPL.
2025-02-21T16:53:34.642493Z 0 [System] [MY-015016] [Server] MySQL Server - end.
2025-02-21T16:53:47.895954Z 0 [System] [MY-015015] [Server] MySQL Server - start.
2025-02-21T16:53:48.035314Z 0 [System] [MY-010116] [Server] /usr/sbin/mysqld (mysqld 8.4.4) starting as process 1
2025-02-21T16:53:48.036894Z 0 [Warning] [MY-010159] [Server] Setting lower_case_table_names=2 because file system for /var/lib/mysql/ is case insensitive
2025-02-21T16:53:48.041943Z 1 [System] [MY-013576] [InnoDB] InnoDB initialization has started.
2025-02-21T16:53:48.129837Z 1 [System] [MY-013577] [InnoDB] InnoDB initialization has ended.
mysqld: Table 'mysql.plugin' doesn't exist
2025-02-21T16:53:48.163114Z 0 [ERROR] [MY-010735] [Server] Could not open the mysql.plugin table. Please perform the MySQL upgrade procedure.
2025-02-21T16:53:48.163228Z 0 [Warning] [MY-010441] [Server] Failed to open optimizer cost constant tables
2025-02-21T16:53:48.163310Z 0 [Warning] [MY-010441] [Server] Failed to open optimizer cost constant tables
2025-02-21T16:53:48.163378Z 0 [Warning] [MY-010441] [Server] Failed to open optimizer cost constant tables
2025-02-21T16:53:48.163465Z 0 [Warning] [MY-010441] [Server] Failed to open optimizer cost constant tables
2025-02-21T16:53:48.163537Z 0 [Warning] [MY-010441] [Server] Failed to open optimizer cost constant tables
2025-02-21T16:53:48.163597Z 0 [Warning] [MY-010441] [Server] Failed to open optimizer cost constant tables
2025-02-21T16:53:48.163652Z 0 [Warning] [MY-010441] [Server] Failed to open optimizer cost constant tables
2025-02-21T16:53:48.171239Z 0 [Warning] [MY-010015] [Repl] Gtid table is not ready to be used. Table 'mysql.gtid_executed' cannot be opened.
2025-02-21T16:53:48.229470Z 0 [Warning] [MY-010015] [Repl] Gtid table is not ready to be used. Table 'mysql.gtid_executed' cannot be opened.
2025-02-21T16:53:48.234029Z 0 [Warning] [MY-010068] [Server] CA certificate ca.pem is self signed.
2025-02-21T16:53:48.234108Z 0 [System] [MY-013602] [Server] Channel mysql_main configured to support TLS. Encrypted connections are now supported for this channel.
2025-02-21T16:53:48.235891Z 0 [Warning] [MY-011810] [Server] Insecure configuration for --pid-file: Location '/var/run/mysqld' in the path is accessible to all OS users. Consider choosing a different directory.
2025-02-21T16:53:48.236073Z 0 [Warning] [MY-010441] [Server] Failed to open optimizer cost constant tables
2025-02-21T16:53:48.236189Z 0 [ERROR] [MY-013129] [Server] A message intended for a client cannot be sent there as no client-session is attached. Therefore, we're sending the information to the error-log instead: MY-001146 - Table 'mysql.component' doesn't exist
2025-02-21T16:53:48.236221Z 0 [Warning] [MY-013129] [Server] A message intended for a client cannot be sent there as no client-session is attached. Therefore, we're sending the information to the error-log instead: MY-003543 - The mysql.component table is missing or has an incorrect definition.
2025-02-21T16:53:48.236283Z 0 [ERROR] [MY-000067] [Server] unknown variable 'default-authentication-plugin=mysql_native_password'.
2025-02-21T16:53:48.236564Z 0 [ERROR] [MY-010119] [Server] Aborting
2025-02-21T16:53:49.816706Z 0 [System] [MY-010910] [Server] /usr/sbin/mysqld: Shutdown complete (mysqld 8.4.4)  MySQL Community Server - GPL.
2025-02-21T16:53:49.816820Z 0 [System] [MY-015016] [Server] MySQL Server - end.
2025-02-21T17:08:09.694920Z 0 [System] [MY-015017] [Server] MySQL Server Initialization - start.
2025-02-21T17:08:09.695529Z 0 [System] [MY-013169] [Server] /usr/sbin/mysqld (mysqld 8.4.4) initializing of server in progress as process 80
2025-02-21T17:08:09.699590Z 1 [System] [MY-013576] [InnoDB] InnoDB initialization has started.
2025-02-21T17:08:09.850871Z 1 [System] [MY-013577] [InnoDB] InnoDB initialization has ended.
2025-02-21T17:08:10.424056Z 6 [Warning] [MY-010453] [Server] root@localhost is created with an empty password ! Please consider switching off the --initialize-insecure option.
2025-02-21T17:08:11.739716Z 0 [System] [MY-015018] [Server] MySQL Server Initialization - end.
2025-02-21T17:08:11.774244Z 0 [System] [MY-015015] [Server] MySQL Server - start.
2025-02-21T17:08:11.929507Z 0 [System] [MY-010116] [Server] /usr/sbin/mysqld (mysqld 8.4.4) starting as process 121
2025-02-21T17:08:11.939377Z 1 [System] [MY-013576] [InnoDB] InnoDB initialization has started.
2025-02-21T17:08:12.025860Z 1 [System] [MY-013577] [InnoDB] InnoDB initialization has ended.
2025-02-21T17:08:12.150691Z 0 [Warning] [MY-010068] [Server] CA certificate ca.pem is self signed.
2025-02-21T17:08:12.150758Z 0 [System] [MY-013602] [Server] Channel mysql_main configured to support TLS. Encrypted connections are now supported for this channel.
2025-02-21T17:08:12.151666Z 0 [Warning] [MY-011810] [Server] Insecure configuration for --pid-file: Location '/var/run/mysqld' in the path is accessible to all OS users. Consider choosing a different directory.
2025-02-21T17:08:12.157429Z 0 [System] [MY-011323] [Server] X Plugin ready for connections. Socket: /var/run/mysqld/mysqlx.sock
2025-02-21T17:08:12.157439Z 0 [System] [MY-010931] [Server] /usr/sbin/mysqld: ready for connections. Version: '8.4.4'  socket: '/var/run/mysqld/mysqld.sock'  port: 0  MySQL Community Server - GPL.
2025-02-21T17:08:12.887287Z 14 [System] [MY-013172] [Server] Received SHUTDOWN from user root. Shutting down mysqld (Version: 8.4.4).
2025-02-21T17:08:13.668695Z 0 [System] [MY-010910] [Server] /usr/sbin/mysqld: Shutdown complete (mysqld 8.4.4)  MySQL Community Server - GPL.
2025-02-21T17:08:13.668818Z 0 [System] [MY-015016] [Server] MySQL Server - end.
2025-02-21T17:08:13.913153Z 0 [System] [MY-015015] [Server] MySQL Server - start.
2025-02-21T17:08:14.070110Z 0 [System] [MY-010116] [Server] /usr/sbin/mysqld (mysqld 8.4.4) starting as process 1
2025-02-21T17:08:14.074454Z 1 [System] [MY-013576] [InnoDB] InnoDB initialization has started.
2025-02-21T17:08:14.159195Z 1 [System] [MY-013577] [InnoDB] InnoDB initialization has ended.
2025-02-21T17:08:14.269417Z 0 [Warning] [MY-010068] [Server] CA certificate ca.pem is self signed.
2025-02-21T17:08:14.269472Z 0 [System] [MY-013602] [Server] Channel mysql_main configured to support TLS. Encrypted connections are now supported for this channel.
2025-02-21T17:08:14.270555Z 0 [Warning] [MY-011810] [Server] Insecure configuration for --pid-file: Location '/var/run/mysqld' in the path is accessible to all OS users. Consider choosing a different directory.
2025-02-21T17:08:14.277060Z 0 [System] [MY-011323] [Server] X Plugin ready for connections. Bind-address: '::' port: 33060, socket: /var/run/mysqld/mysqlx.sock
2025-02-21T17:08:14.277112Z 0 [System] [MY-010931] [Server] /usr/sbin/mysqld: ready for connections. Version: '8.4.4'  socket: '/var/run/mysqld/mysqld.sock'  port: 3306  MySQL Community Server - GPL.
2025-02-21T17:12:26.567130Z 0 [System] [MY-013172] [Server] Received SHUTDOWN from user <via user signal>. Shutting down mysqld (Version: 8.4.4).
2025-02-21T17:12:27.384400Z 0 [System] [MY-010910] [Server] /usr/sbin/mysqld: Shutdown complete (mysqld 8.4.4)  MySQL Community Server - GPL.
2025-02-21T17:12:27.384522Z 0 [System] [MY-015016] [Server] MySQL Server - end.
2025-02-21T17:13:09.341278Z 0 [System] [MY-015015] [Server] MySQL Server - start.
2025-02-21T17:13:09.516628Z 0 [System] [MY-010116] [Server] /usr/sbin/mysqld (mysqld 8.4.4) starting as process 1
2025-02-21T17:13:09.521728Z 1 [System] [MY-013576] [InnoDB] InnoDB initialization has started.
2025-02-21T17:13:09.683201Z 1 [System] [MY-013577] [InnoDB] InnoDB initialization has ended.
2025-02-21T17:13:09.820859Z 0 [Warning] [MY-010068] [Server] CA certificate ca.pem is self signed.
2025-02-21T17:13:09.820925Z 0 [System] [MY-013602] [Server] Channel mysql_main configured to support TLS. Encrypted connections are now supported for this channel.
2025-02-21T17:13:09.822266Z 0 [Warning] [MY-011810] [Server] Insecure configuration for --pid-file: Location '/var/run/mysqld' in the path is accessible to all OS users. Consider choosing a different directory.
2025-02-21T17:13:09.837041Z 0 [System] [MY-011323] [Server] X Plugin ready for connections. Bind-address: '::' port: 33060, socket: /var/run/mysqld/mysqlx.sock
2025-02-21T17:13:09.837058Z 0 [System] [MY-010931] [Server] /usr/sbin/mysqld: ready for connections. Version: '8.4.4'  socket: '/var/run/mysqld/mysqld.sock'  port: 3306  MySQL Community Server - GPL.
2025-02-21T17:13:54.978262Z 0 [System] [MY-013172] [Server] Received SHUTDOWN from user <via user signal>. Shutting down mysqld (Version: 8.4.4).
2025-02-21T17:13:56.425076Z 0 [System] [MY-010910] [Server] /usr/sbin/mysqld: Shutdown complete (mysqld 8.4.4)  MySQL Community Server - GPL.
2025-02-21T17:13:56.425212Z 0 [System] [MY-015016] [Server] MySQL Server - end.
2025-02-21T17:14:01.624981Z 0 [System] [MY-015015] [Server] MySQL Server - start.
2025-02-21T17:14:01.775107Z 0 [System] [MY-010116] [Server] /usr/sbin/mysqld (mysqld 8.4.4) starting as process 1
2025-02-21T17:14:01.778792Z 1 [System] [MY-013576] [InnoDB] InnoDB initialization has started.
2025-02-21T17:14:01.883794Z 1 [System] [MY-013577] [InnoDB] InnoDB initialization has ended.
2025-02-21T17:14:02.006549Z 0 [Warning] [MY-010068] [Server] CA certificate ca.pem is self signed.
2025-02-21T17:14:02.006607Z 0 [System] [MY-013602] [Server] Channel mysql_main configured to support TLS. Encrypted connections are now supported for this channel.
2025-02-21T17:14:02.007514Z 0 [Warning] [MY-011810] [Server] Insecure configuration for --pid-file: Location '/var/run/mysqld' in the path is accessible to all OS users. Consider choosing a different directory.
2025-02-21T17:14:02.024093Z 0 [System] [MY-011323] [Server] X Plugin ready for connections. Bind-address: '::' port: 33060, socket: /var/run/mysqld/mysqlx.sock
2025-02-21T17:14:02.024117Z 0 [System] [MY-010931] [Server] /usr/sbin/mysqld: ready for connections. Version: '8.4.4'  socket: '/var/run/mysqld/mysqld.sock'  port: 3306  MySQL Community Server - GPL.
2025-02-21T17:16:29.624975Z 0 [System] [MY-013172] [Server] Received SHUTDOWN from user <via user signal>. Shutting down mysqld (Version: 8.4.4).
2025-02-21T17:16:30.873629Z 0 [System] [MY-010910] [Server] /usr/sbin/mysqld: Shutdown complete (mysqld 8.4.4)  MySQL Community Server - GPL.
2025-02-21T17:16:30.873779Z 0 [System] [MY-015016] [Server] MySQL Server - end.
2025-02-21T17:17:13.082633Z 0 [System] [MY-015017] [Server] MySQL Server Initialization - start.
2025-02-21T17:17:13.083253Z 0 [System] [MY-013169] [Server] /usr/sbin/mysqld (mysqld 8.4.4) initializing of server in progress as process 80
2025-02-21T17:17:13.087618Z 1 [System] [MY-013576] [InnoDB] InnoDB initialization has started.
2025-02-21T17:17:13.215761Z 1 [System] [MY-013577] [InnoDB] InnoDB initialization has ended.
2025-02-21T17:17:13.666469Z 0 [ERROR] [MY-000067] [Server] unknown variable 'default-authentication-plugin=caching_sha2_password'.
2025-02-21T17:17:13.666708Z 0 [ERROR] [MY-013236] [Server] The designated data directory /var/lib/mysql/ is unusable. You can remove all files that the server added to it.
2025-02-21T17:17:13.666754Z 0 [ERROR] [MY-010119] [Server] Aborting
2025-02-21T17:17:15.067549Z 0 [System] [MY-015018] [Server] MySQL Server Initialization - end.
2025-02-21T17:17:15.519101Z 0 [System] [MY-015015] [Server] MySQL Server - start.
2025-02-21T17:17:15.670595Z 0 [System] [MY-010116] [Server] /usr/sbin/mysqld (mysqld 8.4.4) starting as process 1
2025-02-21T17:17:15.675420Z 1 [System] [MY-013576] [InnoDB] InnoDB initialization has started.
2025-02-21T17:17:15.788138Z 1 [System] [MY-013577] [InnoDB] InnoDB initialization has ended.
mysqld: Table 'mysql.plugin' doesn't exist
2025-02-21T17:17:15.829029Z 0 [ERROR] [MY-010735] [Server] Could not open the mysql.plugin table. Please perform the MySQL upgrade procedure.
2025-02-21T17:17:15.829137Z 0 [Warning] [MY-010441] [Server] Failed to open optimizer cost constant tables
2025-02-21T17:17:15.829207Z 0 [Warning] [MY-010441] [Server] Failed to open optimizer cost constant tables
2025-02-21T17:17:15.829269Z 0 [Warning] [MY-010441] [Server] Failed to open optimizer cost constant tables
2025-02-21T17:17:15.829363Z 0 [Warning] [MY-010441] [Server] Failed to open optimizer cost constant tables
2025-02-21T17:17:15.829417Z 0 [Warning] [MY-010441] [Server] Failed to open optimizer cost constant tables
2025-02-21T17:17:15.829469Z 0 [Warning] [MY-010441] [Server] Failed to open optimizer cost constant tables
2025-02-21T17:17:15.829520Z 0 [Warning] [MY-010441] [Server] Failed to open optimizer cost constant tables
2025-02-21T17:17:15.851207Z 0 [Warning] [MY-010015] [Repl] Gtid table is not ready to be used. Table 'mysql.gtid_executed' cannot be opened.
2025-02-21T17:17:15.906016Z 0 [Warning] [MY-010015] [Repl] Gtid table is not ready to be used. Table 'mysql.gtid_executed' cannot be opened.
2025-02-21T17:17:15.908118Z 0 [Warning] [MY-010068] [Server] CA certificate ca.pem is self signed.
2025-02-21T17:17:15.908158Z 0 [System] [MY-013602] [Server] Channel mysql_main configured to support TLS. Encrypted connections are now supported for this channel.
2025-02-21T17:17:15.909315Z 0 [Warning] [MY-011810] [Server] Insecure configuration for --pid-file: Location '/var/run/mysqld' in the path is accessible to all OS users. Consider choosing a different directory.
2025-02-21T17:17:15.909413Z 0 [Warning] [MY-010441] [Server] Failed to open optimizer cost constant tables
2025-02-21T17:17:15.909488Z 0 [ERROR] [MY-013129] [Server] A message intended for a client cannot be sent there as no client-session is attached. Therefore, we're sending the information to the error-log instead: MY-001146 - Table 'mysql.component' doesn't exist
2025-02-21T17:17:15.909515Z 0 [Warning] [MY-013129] [Server] A message intended for a client cannot be sent there as no client-session is attached. Therefore, we're sending the information to the error-log instead: MY-003543 - The mysql.component table is missing or has an incorrect definition.
2025-02-21T17:17:15.909570Z 0 [ERROR] [MY-000067] [Server] unknown variable 'default-authentication-plugin=caching_sha2_password'.
2025-02-21T17:17:15.909839Z 0 [ERROR] [MY-010119] [Server] Aborting
2025-02-21T17:17:17.400244Z 0 [System] [MY-010910] [Server] /usr/sbin/mysqld: Shutdown complete (mysqld 8.4.4)  MySQL Community Server - GPL.
2025-02-21T17:17:17.400347Z 0 [System] [MY-015016] [Server] MySQL Server - end.
2025-02-21T17:17:18.043177Z 0 [System] [MY-015015] [Server] MySQL Server - start.
2025-02-21T17:17:18.186538Z 0 [System] [MY-010116] [Server] /usr/sbin/mysqld (mysqld 8.4.4) starting as process 1
2025-02-21T17:17:18.191983Z 1 [System] [MY-013576] [InnoDB] InnoDB initialization has started.
2025-02-21T17:17:18.271861Z 1 [System] [MY-013577] [InnoDB] InnoDB initialization has ended.
mysqld: Table 'mysql.plugin' doesn't exist
2025-02-21T17:17:18.305608Z 0 [ERROR] [MY-010735] [Server] Could not open the mysql.plugin table. Please perform the MySQL upgrade procedure.
2025-02-21T17:17:18.305699Z 0 [Warning] [MY-010441] [Server] Failed to open optimizer cost constant tables
2025-02-21T17:17:18.305767Z 0 [Warning] [MY-010441] [Server] Failed to open optimizer cost constant tables
2025-02-21T17:17:18.305832Z 0 [Warning] [MY-010441] [Server] Failed to open optimizer cost constant tables
2025-02-21T17:17:18.305903Z 0 [Warning] [MY-010441] [Server] Failed to open optimizer cost constant tables
2025-02-21T17:17:18.305958Z 0 [Warning] [MY-010441] [Server] Failed to open optimizer cost constant tables
2025-02-21T17:17:18.306012Z 0 [Warning] [MY-010441] [Server] Failed to open optimizer cost constant tables
2025-02-21T17:17:18.306063Z 0 [Warning] [MY-010441] [Server] Failed to open optimizer cost constant tables
2025-02-21T17:17:18.317787Z 0 [Warning] [MY-010015] [Repl] Gtid table is not ready to be used. Table 'mysql.gtid_executed' cannot be opened.
2025-02-21T17:17:18.375249Z 0 [Warning] [MY-010015] [Repl] Gtid table is not ready to be used. Table 'mysql.gtid_executed' cannot be opened.
2025-02-21T17:17:18.377233Z 0 [Warning] [MY-010068] [Server] CA certificate ca.pem is self signed.
2025-02-21T17:17:18.377283Z 0 [System] [MY-013602] [Server] Channel mysql_main configured to support TLS. Encrypted connections are now supported for this channel.
2025-02-21T17:17:18.378340Z 0 [Warning] [MY-011810] [Server] Insecure configuration for --pid-file: Location '/var/run/mysqld' in the path is accessible to all OS users. Consider choosing a different directory.
2025-02-21T17:17:18.378438Z 0 [Warning] [MY-010441] [Server] Failed to open optimizer cost constant tables
2025-02-21T17:17:18.378515Z 0 [ERROR] [MY-013129] [Server] A message intended for a client cannot be sent there as no client-session is attached. Therefore, we're sending the information to the error-log instead: MY-001146 - Table 'mysql.component' doesn't exist
2025-02-21T17:17:18.378549Z 0 [Warning] [MY-013129] [Server] A message intended for a client cannot be sent there as no client-session is attached. Therefore, we're sending the information to the error-log instead: MY-003543 - The mysql.component table is missing or has an incorrect definition.
2025-02-21T17:17:18.378607Z 0 [ERROR] [MY-000067] [Server] unknown variable 'default-authentication-plugin=caching_sha2_password'.
2025-02-21T17:17:18.378887Z 0 [ERROR] [MY-010119] [Server] Aborting
2025-02-21T17:17:19.938796Z 0 [System] [MY-010910] [Server] /usr/sbin/mysqld: Shutdown complete (mysqld 8.4.4)  MySQL Community Server - GPL.
2025-02-21T17:17:19.938928Z 0 [System] [MY-015016] [Server] MySQL Server - end.
2025-02-21T17:17:20.728897Z 0 [System] [MY-015015] [Server] MySQL Server - start.
2025-02-21T17:17:20.871864Z 0 [System] [MY-010116] [Server] /usr/sbin/mysqld (mysqld 8.4.4) starting as process 1
2025-02-21T17:17:20.876120Z 1 [System] [MY-013576] [InnoDB] InnoDB initialization has started.
2025-02-21T17:17:20.954825Z 1 [System] [MY-013577] [InnoDB] InnoDB initialization has ended.
mysqld: Table 'mysql.plugin' doesn't exist
2025-02-21T17:17:20.988333Z 0 [ERROR] [MY-010735] [Server] Could not open the mysql.plugin table. Please perform the MySQL upgrade procedure.
2025-02-21T17:17:20.988412Z 0 [Warning] [MY-010441] [Server] Failed to open optimizer cost constant tables
2025-02-21T17:17:20.988502Z 0 [Warning] [MY-010441] [Server] Failed to open optimizer cost constant tables
2025-02-21T17:17:20.988574Z 0 [Warning] [MY-010441] [Server] Failed to open optimizer cost constant tables
2025-02-21T17:17:20.988646Z 0 [Warning] [MY-010441] [Server] Failed to open optimizer cost constant tables
2025-02-21T17:17:20.988700Z 0 [Warning] [MY-010441] [Server] Failed to open optimizer cost constant tables
2025-02-21T17:17:20.988763Z 0 [Warning] [MY-010441] [Server] Failed to open optimizer cost constant tables
2025-02-21T17:17:20.988891Z 0 [Warning] [MY-010441] [Server] Failed to open optimizer cost constant tables
2025-02-21T17:17:20.999385Z 0 [Warning] [MY-010015] [Repl] Gtid table is not ready to be used. Table 'mysql.gtid_executed' cannot be opened.
2025-02-21T17:17:21.056903Z 0 [Warning] [MY-010015] [Repl] Gtid table is not ready to be used. Table 'mysql.gtid_executed' cannot be opened.
2025-02-21T17:17:21.058953Z 0 [Warning] [MY-010068] [Server] CA certificate ca.pem is self signed.
2025-02-21T17:17:21.058991Z 0 [System] [MY-013602] [Server] Channel mysql_main configured to support TLS. Encrypted connections are now supported for this channel.
2025-02-21T17:17:21.059894Z 0 [Warning] [MY-011810] [Server] Insecure configuration for --pid-file: Location '/var/run/mysqld' in the path is accessible to all OS users. Consider choosing a different directory.
2025-02-21T17:17:21.059992Z 0 [Warning] [MY-010441] [Server] Failed to open optimizer cost constant tables
2025-02-21T17:17:21.060087Z 0 [ERROR] [MY-013129] [Server] A message intended for a client cannot be sent there as no client-session is attached. Therefore, we're sending the information to the error-log instead: MY-001146 - Table 'mysql.component' doesn't exist
2025-02-21T17:17:21.060119Z 0 [Warning] [MY-013129] [Server] A message intended for a client cannot be sent there as no client-session is attached. Therefore, we're sending the information to the error-log instead: MY-003543 - The mysql.component table is missing or has an incorrect definition.
2025-02-21T17:17:21.060178Z 0 [ERROR] [MY-000067] [Server] unknown variable 'default-authentication-plugin=caching_sha2_password'.
2025-02-21T17:17:21.060445Z 0 [ERROR] [MY-010119] [Server] Aborting
2025-02-21T17:17:22.616361Z 0 [System] [MY-010910] [Server] /usr/sbin/mysqld: Shutdown complete (mysqld 8.4.4)  MySQL Community Server - GPL.
2025-02-21T17:17:22.616473Z 0 [System] [MY-015016] [Server] MySQL Server - end.
2025-02-21T17:17:23.786322Z 0 [System] [MY-015015] [Server] MySQL Server - start.
2025-02-21T17:17:23.934940Z 0 [System] [MY-010116] [Server] /usr/sbin/mysqld (mysqld 8.4.4) starting as process 1
2025-02-21T17:17:23.938959Z 1 [System] [MY-013576] [InnoDB] InnoDB initialization has started.
2025-02-21T17:17:24.019318Z 1 [System] [MY-013577] [InnoDB] InnoDB initialization has ended.
mysqld: Table 'mysql.plugin' doesn't exist
2025-02-21T17:17:24.054938Z 0 [ERROR] [MY-010735] [Server] Could not open the mysql.plugin table. Please perform the MySQL upgrade procedure.
2025-02-21T17:17:24.055038Z 0 [Warning] [MY-010441] [Server] Failed to open optimizer cost constant tables
2025-02-21T17:17:24.055111Z 0 [Warning] [MY-010441] [Server] Failed to open optimizer cost constant tables
2025-02-21T17:17:24.055178Z 0 [Warning] [MY-010441] [Server] Failed to open optimizer cost constant tables
2025-02-21T17:17:24.055253Z 0 [Warning] [MY-010441] [Server] Failed to open optimizer cost constant tables
2025-02-21T17:17:24.055308Z 0 [Warning] [MY-010441] [Server] Failed to open optimizer cost constant tables
2025-02-21T17:17:24.055362Z 0 [Warning] [MY-010441] [Server] Failed to open optimizer cost constant tables
2025-02-21T17:17:24.055411Z 0 [Warning] [MY-010441] [Server] Failed to open optimizer cost constant tables
2025-02-21T17:17:24.066066Z 0 [Warning] [MY-010015] [Repl] Gtid table is not ready to be used. Table 'mysql.gtid_executed' cannot be opened.
2025-02-21T17:17:24.123434Z 0 [Warning] [MY-010015] [Repl] Gtid table is not ready to be used. Table 'mysql.gtid_executed' cannot be opened.
2025-02-21T17:17:24.125594Z 0 [Warning] [MY-010068] [Server] CA certificate ca.pem is self signed.
2025-02-21T17:17:24.125640Z 0 [System] [MY-013602] [Server] Channel mysql_main configured to support TLS. Encrypted connections are now supported for this channel.
2025-02-21T17:17:24.126561Z 0 [Warning] [MY-011810] [Server] Insecure configuration for --pid-file: Location '/var/run/mysqld' in the path is accessible to all OS users. Consider choosing a different directory.
2025-02-21T17:17:24.126668Z 0 [Warning] [MY-010441] [Server] Failed to open optimizer cost constant tables
2025-02-21T17:17:24.126759Z 0 [ERROR] [MY-013129] [Server] A message intended for a client cannot be sent there as no client-session is attached. Therefore, we're sending the information to the error-log instead: MY-001146 - Table 'mysql.component' doesn't exist
2025-02-21T17:17:24.126788Z 0 [Warning] [MY-013129] [Server] A message intended for a client cannot be sent there as no client-session is attached. Therefore, we're sending the information to the error-log instead: MY-003543 - The mysql.component table is missing or has an incorrect definition.
2025-02-21T17:17:24.126853Z 0 [ERROR] [MY-000067] [Server] unknown variable 'default-authentication-plugin=caching_sha2_password'.
2025-02-21T17:17:24.127139Z 0 [ERROR] [MY-010119] [Server] Aborting
2025-02-21T17:17:25.676354Z 0 [System] [MY-010910] [Server] /usr/sbin/mysqld: Shutdown complete (mysqld 8.4.4)  MySQL Community Server - GPL.
2025-02-21T17:17:25.676451Z 0 [System] [MY-015016] [Server] MySQL Server - end.
2025-02-21T17:17:27.644286Z 0 [System] [MY-015015] [Server] MySQL Server - start.
2025-02-21T17:17:27.793509Z 0 [System] [MY-010116] [Server] /usr/sbin/mysqld (mysqld 8.4.4) starting as process 1
2025-02-21T17:17:27.797431Z 1 [System] [MY-013576] [InnoDB] InnoDB initialization has started.
2025-02-21T17:17:27.873986Z 1 [System] [MY-013577] [InnoDB] InnoDB initialization has ended.
mysqld: Table 'mysql.plugin' doesn't exist
2025-02-21T17:17:27.908529Z 0 [ERROR] [MY-010735] [Server] Could not open the mysql.plugin table. Please perform the MySQL upgrade procedure.
2025-02-21T17:17:27.908640Z 0 [Warning] [MY-010441] [Server] Failed to open optimizer cost constant tables
2025-02-21T17:17:27.908718Z 0 [Warning] [MY-010441] [Server] Failed to open optimizer cost constant tables
2025-02-21T17:17:27.908784Z 0 [Warning] [MY-010441] [Server] Failed to open optimizer cost constant tables
2025-02-21T17:17:27.908855Z 0 [Warning] [MY-010441] [Server] Failed to open optimizer cost constant tables
2025-02-21T17:17:27.908909Z 0 [Warning] [MY-010441] [Server] Failed to open optimizer cost constant tables
2025-02-21T17:17:27.908979Z 0 [Warning] [MY-010441] [Server] Failed to open optimizer cost constant tables
2025-02-21T17:17:27.909034Z 0 [Warning] [MY-010441] [Server] Failed to open optimizer cost constant tables
2025-02-21T17:17:27.918957Z 0 [Warning] [MY-010015] [Repl] Gtid table is not ready to be used. Table 'mysql.gtid_executed' cannot be opened.
2025-02-21T17:17:27.975463Z 0 [Warning] [MY-010015] [Repl] Gtid table is not ready to be used. Table 'mysql.gtid_executed' cannot be opened.
2025-02-21T17:17:27.977566Z 0 [Warning] [MY-010068] [Server] CA certificate ca.pem is self signed.
2025-02-21T17:17:27.977605Z 0 [System] [MY-013602] [Server] Channel mysql_main configured to support TLS. Encrypted connections are now supported for this channel.
2025-02-21T17:17:27.978588Z 0 [Warning] [MY-011810] [Server] Insecure configuration for --pid-file: Location '/var/run/mysqld' in the path is accessible to all OS users. Consider choosing a different directory.
2025-02-21T17:17:27.978681Z 0 [Warning] [MY-010441] [Server] Failed to open optimizer cost constant tables
2025-02-21T17:17:27.978765Z 0 [ERROR] [MY-013129] [Server] A message intended for a client cannot be sent there as no client-session is attached. Therefore, we're sending the information to the error-log instead: MY-001146 - Table 'mysql.component' doesn't exist
2025-02-21T17:17:27.978810Z 0 [Warning] [MY-013129] [Server] A message intended for a client cannot be sent there as no client-session is attached. Therefore, we're sending the information to the error-log instead: MY-003543 - The mysql.component table is missing or has an incorrect definition.
2025-02-21T17:17:27.978871Z 0 [ERROR] [MY-000067] [Server] unknown variable 'default-authentication-plugin=caching_sha2_password'.
2025-02-21T17:17:27.979160Z 0 [ERROR] [MY-010119] [Server] Aborting
2025-02-21T17:17:29.541139Z 0 [System] [MY-010910] [Server] /usr/sbin/mysqld: Shutdown complete (mysqld 8.4.4)  MySQL Community Server - GPL.
2025-02-21T17:17:29.541259Z 0 [System] [MY-015016] [Server] MySQL Server - end.
2025-02-21T17:17:33.127841Z 0 [System] [MY-015015] [Server] MySQL Server - start.
2025-02-21T17:17:33.273872Z 0 [System] [MY-010116] [Server] /usr/sbin/mysqld (mysqld 8.4.4) starting as process 1
2025-02-21T17:17:33.278752Z 1 [System] [MY-013576] [InnoDB] InnoDB initialization has started.
2025-02-21T17:17:33.358044Z 1 [System] [MY-013577] [InnoDB] InnoDB initialization has ended.
mysqld: Table 'mysql.plugin' doesn't exist
2025-02-21T17:17:33.392634Z 0 [ERROR] [MY-010735] [Server] Could not open the mysql.plugin table. Please perform the MySQL upgrade procedure.
2025-02-21T17:17:33.392739Z 0 [Warning] [MY-010441] [Server] Failed to open optimizer cost constant tables
2025-02-21T17:17:33.392811Z 0 [Warning] [MY-010441] [Server] Failed to open optimizer cost constant tables
2025-02-21T17:17:33.392876Z 0 [Warning] [MY-010441] [Server] Failed to open optimizer cost constant tables
2025-02-21T17:17:33.392957Z 0 [Warning] [MY-010441] [Server] Failed to open optimizer cost constant tables
2025-02-21T17:17:33.393014Z 0 [Warning] [MY-010441] [Server] Failed to open optimizer cost constant tables
2025-02-21T17:17:33.393071Z 0 [Warning] [MY-010441] [Server] Failed to open optimizer cost constant tables
2025-02-21T17:17:33.393129Z 0 [Warning] [MY-010441] [Server] Failed to open optimizer cost constant tables
2025-02-21T17:17:33.403265Z 0 [Warning] [MY-010015] [Repl] Gtid table is not ready to be used. Table 'mysql.gtid_executed' cannot be opened.
2025-02-21T17:17:33.462945Z 0 [Warning] [MY-010015] [Repl] Gtid table is not ready to be used. Table 'mysql.gtid_executed' cannot be opened.
2025-02-21T17:17:33.465064Z 0 [Warning] [MY-010068] [Server] CA certificate ca.pem is self signed.
2025-02-21T17:17:33.465105Z 0 [System] [MY-013602] [Server] Channel mysql_main configured to support TLS. Encrypted connections are now supported for this channel.
2025-02-21T17:17:33.466009Z 0 [Warning] [MY-011810] [Server] Insecure configuration for --pid-file: Location '/var/run/mysqld' in the path is accessible to all OS users. Consider choosing a different directory.
2025-02-21T17:17:33.466111Z 0 [Warning] [MY-010441] [Server] Failed to open optimizer cost constant tables
2025-02-21T17:17:33.466198Z 0 [ERROR] [MY-013129] [Server] A message intended for a client cannot be sent there as no client-session is attached. Therefore, we're sending the information to the error-log instead: MY-001146 - Table 'mysql.component' doesn't exist
2025-02-21T17:17:33.466229Z 0 [Warning] [MY-013129] [Server] A message intended for a client cannot be sent there as no client-session is attached. Therefore, we're sending the information to the error-log instead: MY-003543 - The mysql.component table is missing or has an incorrect definition.
2025-02-21T17:17:33.466287Z 0 [ERROR] [MY-000067] [Server] unknown variable 'default-authentication-plugin=caching_sha2_password'.
2025-02-21T17:17:33.466565Z 0 [ERROR] [MY-010119] [Server] Aborting
2025-02-21T17:17:35.017196Z 0 [System] [MY-010910] [Server] /usr/sbin/mysqld: Shutdown complete (mysqld 8.4.4)  MySQL Community Server - GPL.
2025-02-21T17:17:35.017312Z 0 [System] [MY-015016] [Server] MySQL Server - end.
2025-02-21T17:17:41.773375Z 0 [System] [MY-015015] [Server] MySQL Server - start.
2025-02-21T17:17:41.913596Z 0 [System] [MY-010116] [Server] /usr/sbin/mysqld (mysqld 8.4.4) starting as process 1
2025-02-21T17:17:41.917639Z 1 [System] [MY-013576] [InnoDB] InnoDB initialization has started.
2025-02-21T17:17:41.998360Z 1 [System] [MY-013577] [InnoDB] InnoDB initialization has ended.
mysqld: Table 'mysql.plugin' doesn't exist
2025-02-21T17:17:42.033805Z 0 [ERROR] [MY-010735] [Server] Could not open the mysql.plugin table. Please perform the MySQL upgrade procedure.
2025-02-21T17:17:42.033907Z 0 [Warning] [MY-010441] [Server] Failed to open optimizer cost constant tables
2025-02-21T17:17:42.033981Z 0 [Warning] [MY-010441] [Server] Failed to open optimizer cost constant tables
2025-02-21T17:17:42.034047Z 0 [Warning] [MY-010441] [Server] Failed to open optimizer cost constant tables
2025-02-21T17:17:42.034125Z 0 [Warning] [MY-010441] [Server] Failed to open optimizer cost constant tables
2025-02-21T17:17:42.034180Z 0 [Warning] [MY-010441] [Server] Failed to open optimizer cost constant tables
2025-02-21T17:17:42.034235Z 0 [Warning] [MY-010441] [Server] Failed to open optimizer cost constant tables
2025-02-21T17:17:42.034287Z 0 [Warning] [MY-010441] [Server] Failed to open optimizer cost constant tables
2025-02-21T17:17:42.044175Z 0 [Warning] [MY-010015] [Repl] Gtid table is not ready to be used. Table 'mysql.gtid_executed' cannot be opened.
2025-02-21T17:17:42.099625Z 0 [Warning] [MY-010015] [Repl] Gtid table is not ready to be used. Table 'mysql.gtid_executed' cannot be opened.
2025-02-21T17:17:42.101794Z 0 [Warning] [MY-010068] [Server] CA certificate ca.pem is self signed.
2025-02-21T17:17:42.101835Z 0 [System] [MY-013602] [Server] Channel mysql_main configured to support TLS. Encrypted connections are now supported for this channel.
2025-02-21T17:17:42.102843Z 0 [Warning] [MY-011810] [Server] Insecure configuration for --pid-file: Location '/var/run/mysqld' in the path is accessible to all OS users. Consider choosing a different directory.
2025-02-21T17:17:42.102940Z 0 [Warning] [MY-010441] [Server] Failed to open optimizer cost constant tables
2025-02-21T17:17:42.103014Z 0 [ERROR] [MY-013129] [Server] A message intended for a client cannot be sent there as no client-session is attached. Therefore, we're sending the information to the error-log instead: MY-001146 - Table 'mysql.component' doesn't exist
2025-02-21T17:17:42.103052Z 0 [Warning] [MY-013129] [Server] A message intended for a client cannot be sent there as no client-session is attached. Therefore, we're sending the information to the error-log instead: MY-003543 - The mysql.component table is missing or has an incorrect definition.
2025-02-21T17:17:42.103119Z 0 [ERROR] [MY-000067] [Server] unknown variable 'default-authentication-plugin=caching_sha2_password'.
2025-02-21T17:17:42.103404Z 0 [ERROR] [MY-010119] [Server] Aborting
2025-02-21T17:17:43.665949Z 0 [System] [MY-010910] [Server] /usr/sbin/mysqld: Shutdown complete (mysqld 8.4.4)  MySQL Community Server - GPL.
2025-02-21T17:17:43.666059Z 0 [System] [MY-015016] [Server] MySQL Server - end.
2025-02-21T17:17:56.879901Z 0 [System] [MY-015015] [Server] MySQL Server - start.
2025-02-21T17:17:57.024186Z 0 [System] [MY-010116] [Server] /usr/sbin/mysqld (mysqld 8.4.4) starting as process 1
2025-02-21T17:17:57.028019Z 1 [System] [MY-013576] [InnoDB] InnoDB initialization has started.
2025-02-21T17:17:57.107108Z 1 [System] [MY-013577] [InnoDB] InnoDB initialization has ended.
mysqld: Table 'mysql.plugin' doesn't exist
2025-02-21T17:17:57.140848Z 0 [ERROR] [MY-010735] [Server] Could not open the mysql.plugin table. Please perform the MySQL upgrade procedure.
2025-02-21T17:17:57.140954Z 0 [Warning] [MY-010441] [Server] Failed to open optimizer cost constant tables
2025-02-21T17:17:57.141047Z 0 [Warning] [MY-010441] [Server] Failed to open optimizer cost constant tables
2025-02-21T17:17:57.141123Z 0 [Warning] [MY-010441] [Server] Failed to open optimizer cost constant tables
2025-02-21T17:17:57.141198Z 0 [Warning] [MY-010441] [Server] Failed to open optimizer cost constant tables
2025-02-21T17:17:57.141255Z 0 [Warning] [MY-010441] [Server] Failed to open optimizer cost constant tables
2025-02-21T17:17:57.141337Z 0 [Warning] [MY-010441] [Server] Failed to open optimizer cost constant tables
2025-02-21T17:17:57.141399Z 0 [Warning] [MY-010441] [Server] Failed to open optimizer cost constant tables
2025-02-21T17:17:57.151470Z 0 [Warning] [MY-010015] [Repl] Gtid table is not ready to be used. Table 'mysql.gtid_executed' cannot be opened.
2025-02-21T17:17:57.209629Z 0 [Warning] [MY-010015] [Repl] Gtid table is not ready to be used. Table 'mysql.gtid_executed' cannot be opened.
2025-02-21T17:17:57.211663Z 0 [Warning] [MY-010068] [Server] CA certificate ca.pem is self signed.
2025-02-21T17:17:57.211706Z 0 [System] [MY-013602] [Server] Channel mysql_main configured to support TLS. Encrypted connections are now supported for this channel.
2025-02-21T17:17:57.212530Z 0 [Warning] [MY-011810] [Server] Insecure configuration for --pid-file: Location '/var/run/mysqld' in the path is accessible to all OS users. Consider choosing a different directory.
2025-02-21T17:17:57.212616Z 0 [Warning] [MY-010441] [Server] Failed to open optimizer cost constant tables
2025-02-21T17:17:57.212699Z 0 [ERROR] [MY-013129] [Server] A message intended for a client cannot be sent there as no client-session is attached. Therefore, we're sending the information to the error-log instead: MY-001146 - Table 'mysql.component' doesn't exist
2025-02-21T17:17:57.212737Z 0 [Warning] [MY-013129] [Server] A message intended for a client cannot be sent there as no client-session is attached. Therefore, we're sending the information to the error-log instead: MY-003543 - The mysql.component table is missing or has an incorrect definition.
2025-02-21T17:17:57.212793Z 0 [ERROR] [MY-000067] [Server] unknown variable 'default-authentication-plugin=caching_sha2_password'.
2025-02-21T17:17:57.213057Z 0 [ERROR] [MY-010119] [Server] Aborting
2025-02-21T17:17:58.761607Z 0 [System] [MY-010910] [Server] /usr/sbin/mysqld: Shutdown complete (mysqld 8.4.4)  MySQL Community Server - GPL.
2025-02-21T17:17:58.761753Z 0 [System] [MY-015016] [Server] MySQL Server - end.
2025-02-21T17:18:51.884464Z 0 [System] [MY-015017] [Server] MySQL Server Initialization - start.
2025-02-21T17:18:51.885001Z 0 [System] [MY-013169] [Server] /usr/sbin/mysqld (mysqld 8.4.4) initializing of server in progress as process 78
2025-02-21T17:18:51.895035Z 1 [System] [MY-013576] [InnoDB] InnoDB initialization has started.
2025-02-21T17:18:52.031600Z 1 [System] [MY-013577] [InnoDB] InnoDB initialization has ended.
2025-02-21T17:18:52.492018Z 6 [Warning] [MY-010453] [Server] root@localhost is created with an empty password ! Please consider switching off the --initialize-insecure option.
2025-02-21T17:18:53.934143Z 0 [System] [MY-015018] [Server] MySQL Server Initialization - end.
2025-02-21T17:18:53.980823Z 0 [System] [MY-015015] [Server] MySQL Server - start.
2025-02-21T17:18:54.133571Z 0 [System] [MY-010116] [Server] /usr/sbin/mysqld (mysqld 8.4.4) starting as process 119
2025-02-21T17:18:54.144426Z 1 [System] [MY-013576] [InnoDB] InnoDB initialization has started.
2025-02-21T17:18:54.239614Z 1 [System] [MY-013577] [InnoDB] InnoDB initialization has ended.
2025-02-21T17:18:54.370979Z 0 [Warning] [MY-010068] [Server] CA certificate ca.pem is self signed.
2025-02-21T17:18:54.371048Z 0 [System] [MY-013602] [Server] Channel mysql_main configured to support TLS. Encrypted connections are now supported for this channel.
2025-02-21T17:18:54.372023Z 0 [Warning] [MY-011810] [Server] Insecure configuration for --pid-file: Location '/var/run/mysqld' in the path is accessible to all OS users. Consider choosing a different directory.
2025-02-21T17:18:54.379083Z 0 [System] [MY-011323] [Server] X Plugin ready for connections. Socket: /var/run/mysqld/mysqlx.sock
2025-02-21T17:18:54.379119Z 0 [System] [MY-010931] [Server] /usr/sbin/mysqld: ready for connections. Version: '8.4.4'  socket: '/var/run/mysqld/mysqld.sock'  port: 0  MySQL Community Server - GPL.
2025-02-21T17:18:55.057391Z 14 [System] [MY-013172] [Server] Received SHUTDOWN from user root. Shutting down mysqld (Version: 8.4.4).
2025-02-21T17:18:55.902109Z 0 [System] [MY-010910] [Server] /usr/sbin/mysqld: Shutdown complete (mysqld 8.4.4)  MySQL Community Server - GPL.
2025-02-21T17:18:55.902224Z 0 [System] [MY-015016] [Server] MySQL Server - end.
2025-02-21T17:18:56.086614Z 0 [System] [MY-015015] [Server] MySQL Server - start.
2025-02-21T17:18:56.239978Z 0 [System] [MY-010116] [Server] /usr/sbin/mysqld (mysqld 8.4.4) starting as process 1
2025-02-21T17:18:56.243905Z 1 [System] [MY-013576] [InnoDB] InnoDB initialization has started.
2025-02-21T17:18:56.326928Z 1 [System] [MY-013577] [InnoDB] InnoDB initialization has ended.
2025-02-21T17:18:56.438417Z 0 [Warning] [MY-010068] [Server] CA certificate ca.pem is self signed.
2025-02-21T17:18:56.438482Z 0 [System] [MY-013602] [Server] Channel mysql_main configured to support TLS. Encrypted connections are now supported for this channel.
2025-02-21T17:18:56.439544Z 0 [Warning] [MY-011810] [Server] Insecure configuration for --pid-file: Location '/var/run/mysqld' in the path is accessible to all OS users. Consider choosing a different directory.
2025-02-21T17:18:56.446233Z 0 [System] [MY-011323] [Server] X Plugin ready for connections. Bind-address: '::' port: 33060, socket: /var/run/mysqld/mysqlx.sock
2025-02-21T17:18:56.446258Z 0 [System] [MY-010931] [Server] /usr/sbin/mysqld: ready for connections. Version: '8.4.4'  socket: '/var/run/mysqld/mysqld.sock'  port: 3306  MySQL Community Server - GPL.
2025-02-21T17:19:23.970771Z 0 [System] [MY-013172] [Server] Received SHUTDOWN from user <via user signal>. Shutting down mysqld (Version: 8.4.4).
2025-02-21T17:19:24.984952Z 0 [System] [MY-010910] [Server] /usr/sbin/mysqld: Shutdown complete (mysqld 8.4.4)  MySQL Community Server - GPL.
2025-02-21T17:19:24.985094Z 0 [System] [MY-015016] [Server] MySQL Server - end.
2025-02-21T17:19:28.092982Z 0 [System] [MY-015015] [Server] MySQL Server - start.
2025-02-21T17:19:28.236108Z 0 [System] [MY-010116] [Server] /usr/sbin/mysqld (mysqld 8.4.4) starting as process 1
2025-02-21T17:19:28.239957Z 1 [System] [MY-013576] [InnoDB] InnoDB initialization has started.
2025-02-21T17:19:28.331189Z 1 [System] [MY-013577] [InnoDB] InnoDB initialization has ended.
2025-02-21T17:19:28.441986Z 0 [Warning] [MY-010068] [Server] CA certificate ca.pem is self signed.
2025-02-21T17:19:28.442042Z 0 [System] [MY-013602] [Server] Channel mysql_main configured to support TLS. Encrypted connections are now supported for this channel.
2025-02-21T17:19:28.442939Z 0 [Warning] [MY-011810] [Server] Insecure configuration for --pid-file: Location '/var/run/mysqld' in the path is accessible to all OS users. Consider choosing a different directory.
2025-02-21T17:19:28.450071Z 0 [System] [MY-011323] [Server] X Plugin ready for connections. Bind-address: '::' port: 33060, socket: /var/run/mysqld/mysqlx.sock
2025-02-21T17:19:28.450089Z 0 [System] [MY-010931] [Server] /usr/sbin/mysqld: ready for connections. Version: '8.4.4'  socket: '/var/run/mysqld/mysqld.sock'  port: 3306  MySQL Community Server - GPL.
2025-02-21T17:20:30.249016Z 0 [System] [MY-013172] [Server] Received SHUTDOWN from user <via user signal>. Shutting down mysqld (Version: 8.4.4).
2025-02-21T17:20:31.080265Z 0 [System] [MY-010910] [Server] /usr/sbin/mysqld: Shutdown complete (mysqld 8.4.4)  MySQL Community Server - GPL.
2025-02-21T17:20:31.080363Z 0 [System] [MY-015016] [Server] MySQL Server - end.
2025-02-21T17:21:11.074289Z 0 [System] [MY-015017] [Server] MySQL Server Initialization - start.
2025-02-21T17:21:11.074888Z 0 [System] [MY-013169] [Server] /usr/sbin/mysqld (mysqld 8.4.4) initializing of server in progress as process 81
2025-02-21T17:21:11.079720Z 1 [System] [MY-013576] [InnoDB] InnoDB initialization has started.
2025-02-21T17:21:11.216418Z 1 [System] [MY-013577] [InnoDB] InnoDB initialization has ended.
2025-02-21T17:21:11.720366Z 6 [Warning] [MY-010453] [Server] root@localhost is created with an empty password ! Please consider switching off the --initialize-insecure option.
2025-02-21T17:21:13.068957Z 0 [System] [MY-015018] [Server] MySQL Server Initialization - end.
2025-02-21T17:21:13.102775Z 0 [System] [MY-015015] [Server] MySQL Server - start.
2025-02-21T17:21:13.276403Z 0 [System] [MY-010116] [Server] /usr/sbin/mysqld (mysqld 8.4.4) starting as process 122
2025-02-21T17:21:13.285373Z 1 [System] [MY-013576] [InnoDB] InnoDB initialization has started.
2025-02-21T17:21:13.377875Z 1 [System] [MY-013577] [InnoDB] InnoDB initialization has ended.
2025-02-21T17:21:13.505140Z 0 [Warning] [MY-010068] [Server] CA certificate ca.pem is self signed.
2025-02-21T17:21:13.505204Z 0 [System] [MY-013602] [Server] Channel mysql_main configured to support TLS. Encrypted connections are now supported for this channel.
2025-02-21T17:21:13.506066Z 0 [Warning] [MY-011810] [Server] Insecure configuration for --pid-file: Location '/var/run/mysqld' in the path is accessible to all OS users. Consider choosing a different directory.
2025-02-21T17:21:13.513803Z 0 [System] [MY-011323] [Server] X Plugin ready for connections. Socket: /var/run/mysqld/mysqlx.sock
2025-02-21T17:21:13.513842Z 0 [System] [MY-010931] [Server] /usr/sbin/mysqld: ready for connections. Version: '8.4.4'  socket: '/var/run/mysqld/mysqld.sock'  port: 0  MySQL Community Server - GPL.
2025-02-21T17:21:14.184891Z 14 [System] [MY-013172] [Server] Received SHUTDOWN from user root. Shutting down mysqld (Version: 8.4.4).
2025-02-21T17:21:15.027613Z 0 [System] [MY-010910] [Server] /usr/sbin/mysqld: Shutdown complete (mysqld 8.4.4)  MySQL Community Server - GPL.
2025-02-21T17:21:15.027738Z 0 [System] [MY-015016] [Server] MySQL Server - end.
2025-02-21T17:21:15.216972Z 0 [System] [MY-015015] [Server] MySQL Server - start.
2025-02-21T17:21:15.371678Z 0 [System] [MY-010116] [Server] /usr/sbin/mysqld (mysqld 8.4.4) starting as process 1
2025-02-21T17:21:15.375673Z 1 [System] [MY-013576] [InnoDB] InnoDB initialization has started.
2025-02-21T17:21:15.466484Z 1 [System] [MY-013577] [InnoDB] InnoDB initialization has ended.
2025-02-21T17:21:15.578267Z 0 [Warning] [MY-010068] [Server] CA certificate ca.pem is self signed.
2025-02-21T17:21:15.578354Z 0 [System] [MY-013602] [Server] Channel mysql_main configured to support TLS. Encrypted connections are now supported for this channel.
2025-02-21T17:21:15.580288Z 0 [Warning] [MY-011810] [Server] Insecure configuration for --pid-file: Location '/var/run/mysqld' in the path is accessible to all OS users. Consider choosing a different directory.
2025-02-21T17:21:15.586631Z 0 [System] [MY-011323] [Server] X Plugin ready for connections. Bind-address: '::' port: 33060, socket: /var/run/mysqld/mysqlx.sock
2025-02-21T17:21:15.586639Z 0 [System] [MY-010931] [Server] /usr/sbin/mysqld: ready for connections. Version: '8.4.4'  socket: '/var/run/mysqld/mysqld.sock'  port: 3306  MySQL Community Server - GPL.
2025-02-21T17:22:21.077227Z 0 [System] [MY-013172] [Server] Received SHUTDOWN from user <via user signal>. Shutting down mysqld (Version: 8.4.4).
2025-02-21T17:22:22.173713Z 0 [System] [MY-010910] [Server] /usr/sbin/mysqld: Shutdown complete (mysqld 8.4.4)  MySQL Community Server - GPL.
2025-02-21T17:22:22.173851Z 0 [System] [MY-015016] [Server] MySQL Server - end.
2025-02-21T17:23:01.157745Z 0 [System] [MY-015017] [Server] MySQL Server Initialization - start.
2025-02-21T17:23:01.158470Z 0 [System] [MY-013169] [Server] /usr/sbin/mysqld (mysqld 8.4.4) initializing of server in progress as process 79
2025-02-21T17:23:01.179699Z 1 [System] [MY-013576] [InnoDB] InnoDB initialization has started.
2025-02-21T17:23:01.322793Z 1 [System] [MY-013577] [InnoDB] InnoDB initialization has ended.
2025-02-21T17:23:01.800576Z 6 [Warning] [MY-010453] [Server] root@localhost is created with an empty password ! Please consider switching off the --initialize-insecure option.
2025-02-21T17:23:03.205362Z 0 [System] [MY-015018] [Server] MySQL Server Initialization - end.
2025-02-21T17:23:03.236444Z 0 [System] [MY-015015] [Server] MySQL Server - start.
2025-02-21T17:23:03.401426Z 0 [System] [MY-010116] [Server] /usr/sbin/mysqld (mysqld 8.4.4) starting as process 120
2025-02-21T17:23:03.410251Z 1 [System] [MY-013576] [InnoDB] InnoDB initialization has started.
2025-02-21T17:23:03.536782Z 1 [System] [MY-013577] [InnoDB] InnoDB initialization has ended.
2025-02-21T17:23:03.671697Z 0 [Warning] [MY-010068] [Server] CA certificate ca.pem is self signed.
2025-02-21T17:23:03.671767Z 0 [System] [MY-013602] [Server] Channel mysql_main configured to support TLS. Encrypted connections are now supported for this channel.
2025-02-21T17:23:03.672944Z 0 [Warning] [MY-011810] [Server] Insecure configuration for --pid-file: Location '/var/run/mysqld' in the path is accessible to all OS users. Consider choosing a different directory.
2025-02-21T17:23:03.684405Z 0 [System] [MY-011323] [Server] X Plugin ready for connections. Socket: /var/run/mysqld/mysqlx.sock
2025-02-21T17:23:03.684433Z 0 [System] [MY-010931] [Server] /usr/sbin/mysqld: ready for connections. Version: '8.4.4'  socket: '/var/run/mysqld/mysqld.sock'  port: 0  MySQL Community Server - GPL.
2025-02-21T17:23:04.361789Z 14 [System] [MY-013172] [Server] Received SHUTDOWN from user root. Shutting down mysqld (Version: 8.4.4).
2025-02-21T17:23:05.200374Z 0 [System] [MY-010910] [Server] /usr/sbin/mysqld: Shutdown complete (mysqld 8.4.4)  MySQL Community Server - GPL.
2025-02-21T17:23:05.200512Z 0 [System] [MY-015016] [Server] MySQL Server - end.
2025-02-21T17:23:05.389555Z 0 [System] [MY-015015] [Server] MySQL Server - start.
2025-02-21T17:23:05.554474Z 0 [System] [MY-010116] [Server] /usr/sbin/mysqld (mysqld 8.4.4) starting as process 1
2025-02-21T17:23:05.558652Z 1 [System] [MY-013576] [InnoDB] InnoDB initialization has started.
2025-02-21T17:23:05.644378Z 1 [System] [MY-013577] [InnoDB] InnoDB initialization has ended.
2025-02-21T17:23:05.763033Z 0 [Warning] [MY-010068] [Server] CA certificate ca.pem is self signed.
2025-02-21T17:23:05.763094Z 0 [System] [MY-013602] [Server] Channel mysql_main configured to support TLS. Encrypted connections are now supported for this channel.
2025-02-21T17:23:05.764499Z 0 [Warning] [MY-011810] [Server] Insecure configuration for --pid-file: Location '/var/run/mysqld' in the path is accessible to all OS users. Consider choosing a different directory.
2025-02-21T17:23:05.771362Z 0 [System] [MY-011323] [Server] X Plugin ready for connections. Bind-address: '::' port: 33060, socket: /var/run/mysqld/mysqlx.sock
2025-02-21T17:23:05.771383Z 0 [System] [MY-010931] [Server] /usr/sbin/mysqld: ready for connections. Version: '8.4.4'  socket: '/var/run/mysqld/mysqld.sock'  port: 3306  MySQL Community Server - GPL.
2025-02-21T17:29:48.733209Z 0 [System] [MY-013172] [Server] Received SHUTDOWN from user <via user signal>. Shutting down mysqld (Version: 8.4.4).
2025-02-21T17:29:49.390736Z 0 [System] [MY-010910] [Server] /usr/sbin/mysqld: Shutdown complete (mysqld 8.4.4)  MySQL Community Server - GPL.
2025-02-21T17:29:49.390890Z 0 [System] [MY-015016] [Server] MySQL Server - end.
2025-02-21T17:30:09.137856Z 0 [System] [MY-015015] [Server] MySQL Server - start.
2025-02-21T17:30:09.299229Z 0 [System] [MY-010116] [Server] /usr/sbin/mysqld (mysqld 8.4.4) starting as process 1
2025-02-21T17:30:09.304614Z 1 [System] [MY-013576] [InnoDB] InnoDB initialization has started.
2025-02-21T17:30:09.407444Z 1 [System] [MY-013577] [InnoDB] InnoDB initialization has ended.
2025-02-21T17:30:09.525024Z 0 [Warning] [MY-010068] [Server] CA certificate ca.pem is self signed.
2025-02-21T17:30:09.525083Z 0 [System] [MY-013602] [Server] Channel mysql_main configured to support TLS. Encrypted connections are now supported for this channel.
2025-02-21T17:30:09.526016Z 0 [Warning] [MY-011810] [Server] Insecure configuration for --pid-file: Location '/var/run/mysqld' in the path is accessible to all OS users. Consider choosing a different directory.
2025-02-21T17:30:09.533714Z 0 [System] [MY-011323] [Server] X Plugin ready for connections. Bind-address: '::' port: 33060, socket: /var/run/mysqld/mysqlx.sock
2025-02-21T17:30:09.533727Z 0 [System] [MY-010931] [Server] /usr/sbin/mysqld: ready for connections. Version: '8.4.4'  socket: '/var/run/mysqld/mysqld.sock'  port: 3306  MySQL Community Server - GPL.
2025-02-21T17:30:28.554215Z 0 [System] [MY-013172] [Server] Received SHUTDOWN from user <via user signal>. Shutting down mysqld (Version: 8.4.4).
2025-02-21T17:30:30.031058Z 0 [System] [MY-010910] [Server] /usr/sbin/mysqld: Shutdown complete (mysqld 8.4.4)  MySQL Community Server - GPL.
2025-02-21T17:30:30.031156Z 0 [System] [MY-015016] [Server] MySQL Server - end.
2025-02-21T17:31:55.855354Z 0 [System] [MY-015015] [Server] MySQL Server - start.
2025-02-21T17:31:55.993278Z 0 [System] [MY-010116] [Server] /usr/sbin/mysqld (mysqld 8.4.4) starting as process 1
2025-02-21T17:31:55.997258Z 1 [System] [MY-013576] [InnoDB] InnoDB initialization has started.
2025-02-21T17:31:56.082483Z 1 [System] [MY-013577] [InnoDB] InnoDB initialization has ended.
2025-02-21T17:31:56.195440Z 0 [Warning] [MY-010068] [Server] CA certificate ca.pem is self signed.
2025-02-21T17:31:56.195515Z 0 [System] [MY-013602] [Server] Channel mysql_main configured to support TLS. Encrypted connections are now supported for this channel.
2025-02-21T17:31:56.196671Z 0 [Warning] [MY-011810] [Server] Insecure configuration for --pid-file: Location '/var/run/mysqld' in the path is accessible to all OS users. Consider choosing a different directory.
2025-02-21T17:31:56.203472Z 0 [System] [MY-011323] [Server] X Plugin ready for connections. Bind-address: '::' port: 33060, socket: /var/run/mysqld/mysqlx.sock
2025-02-21T17:31:56.203489Z 0 [System] [MY-010931] [Server] /usr/sbin/mysqld: ready for connections. Version: '8.4.4'  socket: '/var/run/mysqld/mysqld.sock'  port: 3306  MySQL Community Server - GPL.
2025-02-21T17:35:33.244811Z 0 [System] [MY-013172] [Server] Received SHUTDOWN from user <via user signal>. Shutting down mysqld (Version: 8.4.4).
2025-02-21T17:35:34.377853Z 0 [System] [MY-010910] [Server] /usr/sbin/mysqld: Shutdown complete (mysqld 8.4.4)  MySQL Community Server - GPL.
2025-02-21T17:35:34.377979Z 0 [System] [MY-015016] [Server] MySQL Server - end.
2025-02-21T17:35:35.181375Z 0 [System] [MY-015015] [Server] MySQL Server - start.
2025-02-21T17:35:35.323320Z 0 [System] [MY-010116] [Server] /usr/sbin/mysqld (mysqld 8.4.4) starting as process 1
2025-02-21T17:35:35.327186Z 1 [System] [MY-013576] [InnoDB] InnoDB initialization has started.
2025-02-21T17:35:35.412538Z 1 [System] [MY-013577] [InnoDB] InnoDB initialization has ended.
2025-02-21T17:35:35.520335Z 0 [Warning] [MY-010068] [Server] CA certificate ca.pem is self signed.
2025-02-21T17:35:35.520388Z 0 [System] [MY-013602] [Server] Channel mysql_main configured to support TLS. Encrypted connections are now supported for this channel.
2025-02-21T17:35:35.521382Z 0 [Warning] [MY-011810] [Server] Insecure configuration for --pid-file: Location '/var/run/mysqld' in the path is accessible to all OS users. Consider choosing a different directory.
2025-02-21T17:35:35.529135Z 0 [System] [MY-011323] [Server] X Plugin ready for connections. Bind-address: '::' port: 33060, socket: /var/run/mysqld/mysqlx.sock
2025-02-21T17:35:35.529152Z 0 [System] [MY-010931] [Server] /usr/sbin/mysqld: ready for connections. Version: '8.4.4'  socket: '/var/run/mysqld/mysqld.sock'  port: 3306  MySQL Community Server - GPL.
2025-02-21T17:40:23.168952Z 0 [System] [MY-013172] [Server] Received SHUTDOWN from user <via user signal>. Shutting down mysqld (Version: 8.4.4).
2025-02-21T17:40:24.763450Z 0 [System] [MY-010910] [Server] /usr/sbin/mysqld: Shutdown complete (mysqld 8.4.4)  MySQL Community Server - GPL.
2025-02-21T17:40:24.763749Z 0 [System] [MY-015016] [Server] MySQL Server - end.
2025-02-21T17:41:13.911841Z 0 [System] [MY-015015] [Server] MySQL Server - start.
2025-02-21T17:41:14.099801Z 0 [System] [MY-010116] [Server] /usr/sbin/mysqld (mysqld 8.4.4) starting as process 1
2025-02-21T17:41:14.104283Z 1 [System] [MY-013576] [InnoDB] InnoDB initialization has started.
2025-02-21T17:41:14.333410Z 1 [System] [MY-013577] [InnoDB] InnoDB initialization has ended.
2025-02-21T17:41:14.482365Z 0 [Warning] [MY-010068] [Server] CA certificate ca.pem is self signed.
2025-02-21T17:41:14.482422Z 0 [System] [MY-013602] [Server] Channel mysql_main configured to support TLS. Encrypted connections are now supported for this channel.
2025-02-21T17:41:14.483356Z 0 [Warning] [MY-011810] [Server] Insecure configuration for --pid-file: Location '/var/run/mysqld' in the path is accessible to all OS users. Consider choosing a different directory.
2025-02-21T17:41:14.498304Z 0 [System] [MY-011323] [Server] X Plugin ready for connections. Bind-address: '::' port: 33060, socket: /var/run/mysqld/mysqlx.sock
2025-02-21T17:41:14.498324Z 0 [System] [MY-010931] [Server] /usr/sbin/mysqld: ready for connections. Version: '8.4.4'  socket: '/var/run/mysqld/mysqld.sock'  port: 3306  MySQL Community Server - GPL.
2025-02-21T17:51:30.618066Z 0 [System] [MY-015017] [Server] MySQL Server Initialization - start.
2025-02-21T17:51:30.618658Z 0 [System] [MY-013169] [Server] /usr/sbin/mysqld (mysqld 8.4.4) initializing of server in progress as process 79
2025-02-21T17:51:30.622766Z 1 [System] [MY-013576] [InnoDB] InnoDB initialization has started.
2025-02-21T17:51:30.769738Z 1 [System] [MY-013577] [InnoDB] InnoDB initialization has ended.
2025-02-21T17:51:31.252124Z 6 [Warning] [MY-010453] [Server] root@localhost is created with an empty password ! Please consider switching off the --initialize-insecure option.
2025-02-21T17:51:32.659550Z 0 [System] [MY-015018] [Server] MySQL Server Initialization - end.
2025-02-21T17:51:32.695279Z 0 [System] [MY-015015] [Server] MySQL Server - start.
2025-02-21T17:51:32.856335Z 0 [System] [MY-010116] [Server] /usr/sbin/mysqld (mysqld 8.4.4) starting as process 120
2025-02-21T17:51:32.864586Z 1 [System] [MY-013576] [InnoDB] InnoDB initialization has started.
2025-02-21T17:51:32.958261Z 1 [System] [MY-013577] [InnoDB] InnoDB initialization has ended.
2025-02-21T17:51:33.087981Z 0 [Warning] [MY-010068] [Server] CA certificate ca.pem is self signed.
2025-02-21T17:51:33.088060Z 0 [System] [MY-013602] [Server] Channel mysql_main configured to support TLS. Encrypted connections are now supported for this channel.
2025-02-21T17:51:33.090709Z 0 [Warning] [MY-011810] [Server] Insecure configuration for --pid-file: Location '/var/run/mysqld' in the path is accessible to all OS users. Consider choosing a different directory.
2025-02-21T17:51:33.096968Z 0 [System] [MY-011323] [Server] X Plugin ready for connections. Socket: /var/run/mysqld/mysqlx.sock
2025-02-21T17:51:33.096983Z 0 [System] [MY-010931] [Server] /usr/sbin/mysqld: ready for connections. Version: '8.4.4'  socket: '/var/run/mysqld/mysqld.sock'  port: 0  MySQL Community Server - GPL.
2025-02-21T17:51:33.772064Z 14 [System] [MY-013172] [Server] Received SHUTDOWN from user root. Shutting down mysqld (Version: 8.4.4).
2025-02-21T17:51:34.604781Z 0 [System] [MY-010910] [Server] /usr/sbin/mysqld: Shutdown complete (mysqld 8.4.4)  MySQL Community Server - GPL.
2025-02-21T17:51:34.604999Z 0 [System] [MY-015016] [Server] MySQL Server - end.
2025-02-21T17:51:34.800855Z 0 [System] [MY-015015] [Server] MySQL Server - start.
2025-02-21T17:51:34.946627Z 0 [System] [MY-010116] [Server] /usr/sbin/mysqld (mysqld 8.4.4) starting as process 1
2025-02-21T17:51:34.950799Z 1 [System] [MY-013576] [InnoDB] InnoDB initialization has started.
2025-02-21T17:51:35.026895Z 1 [System] [MY-013577] [InnoDB] InnoDB initialization has ended.
2025-02-21T17:51:35.138120Z 0 [Warning] [MY-010068] [Server] CA certificate ca.pem is self signed.
2025-02-21T17:51:35.138173Z 0 [System] [MY-013602] [Server] Channel mysql_main configured to support TLS. Encrypted connections are now supported for this channel.
2025-02-21T17:51:35.139071Z 0 [Warning] [MY-011810] [Server] Insecure configuration for --pid-file: Location '/var/run/mysqld' in the path is accessible to all OS users. Consider choosing a different directory.
2025-02-21T17:51:35.146231Z 0 [System] [MY-011323] [Server] X Plugin ready for connections. Bind-address: '::' port: 33060, socket: /var/run/mysqld/mysqlx.sock
2025-02-21T17:51:35.146299Z 0 [System] [MY-010931] [Server] /usr/sbin/mysqld: ready for connections. Version: '8.4.4'  socket: '/var/run/mysqld/mysqld.sock'  port: 3306  MySQL Community Server - GPL.
2025-02-22T03:56:44.699888Z 0 [System] [MY-015015] [Server] MySQL Server - start.
2025-02-22T03:56:44.862223Z 0 [System] [MY-010116] [Server] /usr/sbin/mysqld (mysqld 8.4.4) starting as process 1
2025-02-22T03:56:44.872202Z 1 [System] [MY-013576] [InnoDB] InnoDB initialization has started.
2025-02-22T03:56:44.995854Z 1 [System] [MY-013577] [InnoDB] InnoDB initialization has ended.
2025-02-22T03:56:45.135941Z 0 [Warning] [MY-010068] [Server] CA certificate ca.pem is self signed.
2025-02-22T03:56:45.135991Z 0 [System] [MY-013602] [Server] Channel mysql_main configured to support TLS. Encrypted connections are now supported for this channel.
2025-02-22T03:56:45.137142Z 0 [Warning] [MY-011810] [Server] Insecure configuration for --pid-file: Location '/var/run/mysqld' in the path is accessible to all OS users. Consider choosing a different directory.
2025-02-22T03:56:45.151672Z 0 [System] [MY-011323] [Server] X Plugin ready for connections. Bind-address: '::' port: 33060, socket: /var/run/mysqld/mysqlx.sock
2025-02-22T03:56:45.151681Z 0 [System] [MY-010931] [Server] /usr/sbin/mysqld: ready for connections. Version: '8.4.4'  socket: '/var/run/mysqld/mysqld.sock'  port: 3306  MySQL Community Server - GPL.
2025-02-22T05:48:00.409469Z 0 [System] [MY-015015] [Server] MySQL Server - start.
2025-02-22T05:48:00.593146Z 0 [System] [MY-010116] [Server] /usr/sbin/mysqld (mysqld 8.4.4) starting as process 1
2025-02-22T05:48:00.600419Z 1 [System] [MY-013576] [InnoDB] InnoDB initialization has started.
2025-02-22T05:48:00.750783Z 1 [System] [MY-013577] [InnoDB] InnoDB initialization has ended.
2025-02-22T05:48:00.890307Z 0 [Warning] [MY-010068] [Server] CA certificate ca.pem is self signed.
2025-02-22T05:48:00.890368Z 0 [System] [MY-013602] [Server] Channel mysql_main configured to support TLS. Encrypted connections are now supported for this channel.
2025-02-22T05:48:00.892506Z 0 [Warning] [MY-011810] [Server] Insecure configuration for --pid-file: Location '/var/run/mysqld' in the path is accessible to all OS users. Consider choosing a different directory.
2025-02-22T05:48:00.908964Z 0 [System] [MY-011323] [Server] X Plugin ready for connections. Bind-address: '::' port: 33060, socket: /var/run/mysqld/mysqlx.sock
2025-02-22T05:48:00.909008Z 0 [System] [MY-010931] [Server] /usr/sbin/mysqld: ready for connections. Version: '8.4.4'  socket: '/var/run/mysqld/mysqld.sock'  port: 3306  MySQL Community Server - GPL.
2025-02-22T05:53:53.540306Z 0 [System] [MY-013172] [Server] Received SHUTDOWN from user <via user signal>. Shutting down mysqld (Version: 8.4.4).
2025-02-22T05:53:54.347645Z 0 [System] [MY-010910] [Server] /usr/sbin/mysqld: Shutdown complete (mysqld 8.4.4)  MySQL Community Server - GPL.
2025-02-22T05:53:54.347831Z 0 [System] [MY-015016] [Server] MySQL Server - end.
